#
# A fatal error has been detected by the Java Runtime Environment:
#
#  Internal Error (javaClasses.cpp:136), pid=9997, tid=3062319936
#  fatal error: Invalid layout of preloaded class
#
# JRE version:  (7.0_55-b13) (build )
# Java VM: Java HotSpot(TM) Server VM (24.55-b03 mixed mode linux-x86 )
# Failed to write core dump. Core dumps have been disabled. To enable core dumping, try "ulimit -c unlimited" before starting Java again
#
# If you would like to submit a bug report, please visit:
#   http://bugreport.sun.com/bugreport/crash.jsp
#

---------------  T H R E A D  ---------------

Current thread (0xb6706000):  JavaThread "Unknown thread" [_thread_in_vm, id=10003, stack(0xb6824000,0xb6875000)]

Stack: [0xb6824000,0xb6875000],  sp=0xb6873d70,  free space=319k
Native frames: (J=compiled Java code, j=interpreted, Vv=VM code, C=native code)
V  [libjvm.so+0x7dcc36]  VMError::report_and_die()+0x1a6
V  [libjvm.so+0x33a95c]  report_fatal(char const*, int, char const*)+0x4c
V  [libjvm.so+0x484dfe]  compute_offset(int&, klassOopDesc*, Symbol*, Symbol*, bool)+0x10e
V  [libjvm.so+0x487154]  java_lang_String::compute_offsets()+0x44
V  [libjvm.so+0x76a13d]  SystemDictionary::initialize_preloaded_classes(Thread*)+0x22d
V  [libjvm.so+0x7b2b60]  Universe::genesis(Thread*)+0x410
V  [libjvm.so+0x7b2fcf]  universe2_init()+0x1f
V  [libjvm.so+0x44a050]  init_globals()+0xa0
V  [libjvm.so+0x79b010]  Threads::create_vm(JavaVMInitArgs*, bool*)+0x200
V  [libjvm.so+0x4bc1cc]  JNI_CreateJavaVM+0x5c
C  [libjli.so+0x2668]  JavaMain+0x98
C  [libpthread.so.0+0x707a]  start_thread+0xda


---------------  P R O C E S S  ---------------

Java Threads: ( => current thread )

Other Threads:

=>0xb6706000 (exited) JavaThread "Unknown thread" [_thread_in_vm, id=10003, stack(0xb6824000,0xb6875000)]

VM state:not at safepoint (not fully initialized)

VM Mutex/Monitor currently owned by a thread: None

GC Heap History (0 events):
No events

Deoptimization events (0 events):
No events

Internal exceptions (0 events):
No events

Events (10 events):
Event: 0.005 loading class 0x70d24670 done
Event: 0.005 loading class 0x70d24100 done
Event: 0.005 loading class 0x70d240e0
Event: 0.006 loading class 0x70d2b408
Event: 0.006 loading class 0x70d2b408 done
Event: 0.006 loading class 0x70d2b438
Event: 0.006 loading class 0x70d2b438 done
Event: 0.006 loading class 0x70d2b468
Event: 0.006 loading class 0x70d2b468 done
Event: 0.006 loading class 0x70d240e0 done


Dynamic libraries:
08048000-08049000 r-xp 00000000 08:02 425186     /usr/java/jdk1.7.0_55/bin/java
08049000-0804a000 rw-p 00000000 08:02 425186     /usr/java/jdk1.7.0_55/bin/java
088a9000-088ca000 rw-p 00000000 00:00 0          [heap]
6e0f7000-6e310000 rw-p 00000000 00:00 0 
6e310000-6e3ce000 r--s 00fac000 08:03 28585007   /home/fsk/developer/adt-bundle-linux-x86-20140321/sdk/platforms/android-15/android.jar
6e3ce000-70900000 rw-p 00000000 00:00 0 
70900000-70921000 rw-p 00000000 00:00 0 
70921000-70a00000 ---p 00000000 00:00 0 
70a7f000-70a80000 ---p 00000000 00:00 0 
70a80000-70b00000 rw-p 00000000 00:00 0          [stack:10007]
70b00000-70b21000 rw-p 00000000 00:00 0 
70b21000-70c00000 ---p 00000000 00:00 0 
70c00000-70c21000 rw-p 00000000 00:00 0 
70c21000-70d00000 ---p 00000000 00:00 0 
70d24000-70d7f000 rw-p 00000000 00:00 0 
70d7f000-70d80000 ---p 00000000 00:00 0 
70d80000-70e00000 rw-p 00000000 00:00 0          [stack:10006]
70e00000-70e21000 rw-p 00000000 00:00 0 
70e21000-70f00000 ---p 00000000 00:00 0 
70f25000-70f60000 rw-p 00000000 00:00 0 
70f60000-70f61000 ---p 00000000 00:00 0 
70f61000-70fe1000 rw-p 00000000 00:00 0          [stack:10005]
70fe1000-70fe2000 ---p 00000000 00:00 0 
70fe2000-71077000 rw-p 00000000 00:00 0          [stack:10004]
71077000-711ae000 rw-p 00000000 00:00 0 
711ae000-711b6000 rw-p 00000000 00:00 0 
711b6000-711ce000 rw-p 00000000 00:00 0 
711ce000-711e3000 rw-p 00000000 00:00 0 
711e3000-71319000 rw-p 00000000 00:00 0 
71319000-71324000 rw-p 00000000 00:00 0 
71324000-713bf000 rw-p 00000000 00:00 0 
713bf000-723c0000 rw-p 00000000 00:00 0 
723c0000-753c0000 rw-p 00000000 00:00 0 
753c0000-77d00000 rw-p 00000000 00:00 0 
77d00000-9ea40000 rw-p 00000000 00:00 0 
9ea40000-9ff00000 rw-p 00000000 00:00 0 
9ff00000-b35c0000 rw-p 00000000 00:00 0 
b35c7000-b35cf000 rw-p 00000000 00:00 0 
b35cf000-b35e7000 rw-p 00000000 00:00 0 
b35e7000-b35f0000 rw-p 00000000 00:00 0 
b35f0000-b36a7000 rw-p 00000000 00:00 0 
b36a7000-b38e7000 rwxp 00000000 00:00 0 
b38e7000-b66a7000 rw-p 00000000 00:00 0 
b66a7000-b66dc000 r--s 00000000 00:10 7641       /var/run/nscd/passwd
b66dc000-b66ff000 r-xp 00000000 08:02 425485     /usr/java/jdk1.7.0_55/jre/lib/i386/libjava.so
b66ff000-b6700000 rw-p 00022000 08:02 425485     /usr/java/jdk1.7.0_55/jre/lib/i386/libjava.so
b6700000-b675c000 rw-p 00000000 00:00 0 
b675c000-b6800000 ---p 00000000 00:00 0 
b6803000-b681a000 r-xp 00000000 08:02 425518     /usr/java/jdk1.7.0_55/jre/lib/i386/libzip.so
b681a000-b681b000 rw-p 00017000 08:02 425518     /usr/java/jdk1.7.0_55/jre/lib/i386/libzip.so
b681b000-b6822000 r-xp 00000000 08:02 262780     /lib/librt-2.18.so
b6822000-b6823000 r--p 00006000 08:02 262780     /lib/librt-2.18.so
b6823000-b6824000 rw-p 00007000 08:02 262780     /lib/librt-2.18.so
b6824000-b6827000 ---p 00000000 00:00 0 
b6827000-b6875000 rw-p 00000000 00:00 0          [stack:10003]
b6875000-b68b9000 r-xp 00000000 08:02 262667     /lib/libm-2.18.so
b68b9000-b68ba000 r--p 00043000 08:02 262667     /lib/libm-2.18.so
b68ba000-b68bb000 rw-p 00044000 08:02 262667     /lib/libm-2.18.so
b68bb000-b7132000 r-xp 00000000 08:02 425522     /usr/java/jdk1.7.0_55/jre/lib/i386/server/libjvm.so
b7132000-b7196000 rw-p 00877000 08:02 425522     /usr/java/jdk1.7.0_55/jre/lib/i386/server/libjvm.so
b7196000-b75ba000 rw-p 00000000 00:00 0 
b75ba000-b7765000 r-xp 00000000 08:02 262691     /lib/libc-2.18.so
b7765000-b7767000 r--p 001ab000 08:02 262691     /lib/libc-2.18.so
b7767000-b7768000 rw-p 001ad000 08:02 262691     /lib/libc-2.18.so
b7768000-b776c000 rw-p 00000000 00:00 0 
b776c000-b776f000 r-xp 00000000 08:02 262676     /lib/libdl-2.18.so
b776f000-b7770000 r--p 00002000 08:02 262676     /lib/libdl-2.18.so
b7770000-b7771000 rw-p 00003000 08:02 262676     /lib/libdl-2.18.so
b7771000-b7784000 r-xp 00000000 08:02 559216     /usr/java/jdk1.7.0_55/lib/i386/jli/libjli.so
b7784000-b7785000 rw-p 00012000 08:02 559216     /usr/java/jdk1.7.0_55/lib/i386/jli/libjli.so
b7785000-b779d000 r-xp 00000000 08:02 262784     /lib/libpthread-2.18.so
b779d000-b779e000 ---p 00018000 08:02 262784     /lib/libpthread-2.18.so
b779e000-b779f000 r--p 00018000 08:02 262784     /lib/libpthread-2.18.so
b779f000-b77a0000 rw-p 00019000 08:02 262784     /lib/libpthread-2.18.so
b77a0000-b77a2000 rw-p 00000000 00:00 0 
b77ac000-b77af000 rw-p 00000000 00:00 0 
b77af000-b77b7000 rw-s 00000000 08:02 1212516    /tmp/hsperfdata_fsk/9997
b77b7000-b77b8000 rw-p 00000000 00:00 0 
b77b8000-b77b9000 r--p 00000000 00:00 0 
b77b9000-b77c4000 r-xp 00000000 08:02 425517     /usr/java/jdk1.7.0_55/jre/lib/i386/libverify.so
b77c4000-b77c5000 rw-p 0000b000 08:02 425517     /usr/java/jdk1.7.0_55/jre/lib/i386/libverify.so
b77c5000-b77c6000 rw-p 00000000 00:00 0 
b77c6000-b77c7000 r-xp 00000000 00:00 0          [vdso]
b77c7000-b77e8000 r-xp 00000000 08:02 262686     /lib/ld-2.18.so
b77e8000-b77e9000 r--p 00020000 08:02 262686     /lib/ld-2.18.so
b77e9000-b77ea000 rw-p 00021000 08:02 262686     /lib/ld-2.18.so
bfafe000-bfb1f000 rw-p 00000000 00:00 0          [stack]

VM Arguments:
jvm_args: -Dfile.encoding=UTF-8 -Xbootclasspath:/home/fsk/developer/adt-bundle-linux-x86-20140321/sdk/platforms/android-15/android.jar 
java_command: cn.edu.zime.domain.Student
Launcher Type: SUN_STANDARD

Environment Variables:
JAVA_HOME=/usr/java/jdk1.7.0_55
JRE_HOME=/usr/java/jdk1.7.0_55/jre
CLASSPATH=/usr/java/jdk1.7.0_55/jre/lib:.:/usr/java/jdk1.7.0_55/lib/dt.jar:/usr/java/jdk1.7.0_55/lib/tools.jar
PATH=/usr/java/jdk1.7.0_55/jre/bin:/usr/java/jdk1.7.0_55/bin:/usr/lib/mpi/gcc/openmpi/bin:/home/fsk/bin:/usr/local/bin:/usr/bin:/bin:/usr/bin/X11:/usr/X11R6/bin:/usr/games:/usr/local/mplayer/bin:/sbin:/usr/sbin
USERNAME=fsk
LD_LIBRARY_PATH=/usr/java/jdk1.7.0_55/jre/lib/i386/server:/usr/java/jdk1.7.0_55/jre/lib/i386:/usr/java/jdk1.7.0_55/jre/../lib/i386:/usr/java/jdk1.7.0_55/jre/lib/i386/client:/usr/java/jdk1.7.0_55/jre/lib/i386:/usr/lib/mpi/gcc/openmpi/lib
SHELL=/bin/bash
DISPLAY=:0
HOSTTYPE=i386
OSTYPE=linux
MACHTYPE=i686-suse-linux

Signal Handlers:
SIGSEGV: [libjvm.so+0x7dd750], sa_mask[0]=0x7ffbfeff, sa_flags=0x10000004
SIGBUS: [libjvm.so+0x7dd750], sa_mask[0]=0x7ffbfeff, sa_flags=0x10000004
SIGFPE: [libjvm.so+0x678ec0], sa_mask[0]=0x7ffbfeff, sa_flags=0x10000004
SIGPIPE: [libjvm.so+0x678ec0], sa_mask[0]=0x7ffbfeff, sa_flags=0x10000004
SIGXFSZ: [libjvm.so+0x678ec0], sa_mask[0]=0x7ffbfeff, sa_flags=0x10000004
SIGILL: [libjvm.so+0x678ec0], sa_mask[0]=0x7ffbfeff, sa_flags=0x10000004
SIGUSR1: SIG_DFL, sa_mask[0]=0x00000000, sa_flags=0x00000000
SIGUSR2: [libjvm.so+0x67a3b0], sa_mask[0]=0x00000004, sa_flags=0x10000004
SIGHUP: SIG_DFL, sa_mask[0]=0x00000000, sa_flags=0x00000000
SIGINT: SIG_DFL, sa_mask[0]=0x00000000, sa_flags=0x00000000
SIGTERM: SIG_DFL, sa_mask[0]=0x00000000, sa_flags=0x00000000
SIGQUIT: SIG_DFL, sa_mask[0]=0x00000000, sa_flags=0x00000000


---------------  S Y S T E M  ---------------

OS:openSUSE 13.1 (i586)
VERSION = 13.1
CODENAME = Bottle
# /etc/SuSE-release is deprecated and will be removed in the future, use /etc/os-release instead

uname:Linux 3.11.10-11-pae #1 SMP Mon May 12 13:37:06 UTC 2014 (3d22b5f) i686
libc:glibc 2.18 NPTL 2.18 
rlimit: STACK 8192k, CORE 0k, NPROC 31583, NOFILE 4096, AS infinity
load average:0.18 0.17 0.20

/proc/meminfo:
MemTotal:        4066912 kB
MemFree:         1002372 kB
Buffers:          193600 kB
Cached:          1574380 kB
SwapCached:            0 kB
Active:          1949660 kB
Inactive:         960888 kB
Active(anon):    1148220 kB
Inactive(anon):    14660 kB
Active(file):     801440 kB
Inactive(file):   946228 kB
Unevictable:           0 kB
Mlocked:               0 kB
HighTotal:       3238148 kB
HighFree:         502120 kB
LowTotal:         828764 kB
LowFree:          500252 kB
SwapTotal:       2103292 kB
SwapFree:        2103292 kB
Dirty:               220 kB
Writeback:             0 kB
AnonPages:       1141176 kB
Mapped:           233092 kB
Shmem:             19748 kB
Slab:             121552 kB
SReclaimable:      98292 kB
SUnreclaim:        23260 kB
KernelStack:        3344 kB
PageTables:         9156 kB
NFS_Unstable:          0 kB
Bounce:                0 kB
WritebackTmp:          0 kB
CommitLimit:     4136748 kB
Committed_AS:    3605520 kB
VmallocTotal:     122880 kB
VmallocUsed:       15624 kB
VmallocChunk:     106852 kB
HardwareCorrupted:     0 kB
AnonHugePages:    698368 kB
HugePages_Total:       0
HugePages_Free:        0
HugePages_Rsvd:        0
HugePages_Surp:        0
Hugepagesize:       2048 kB
DirectMap4k:        8184 kB
DirectMap2M:      894976 kB


CPU:total 4 (2 cores per cpu, 2 threads per core) family 6 model 42 stepping 7, cmov, cx8, fxsr, mmx, sse, sse2, sse3, ssse3, sse4.1, sse4.2, popcnt, avx, aes, ht, tsc, tscinvbit

/proc/cpuinfo:
processor	: 0
vendor_id	: GenuineIntel
cpu family	: 6
model		: 42
model name	: Intel(R) Core(TM) i5-2450M CPU @ 2.50GHz
stepping	: 7
microcode	: 0x29
cpu MHz		: 1650.000
cache size	: 3072 KB
physical id	: 0
siblings	: 4
core id		: 0
cpu cores	: 2
apicid		: 0
initial apicid	: 0
fdiv_bug	: no
f00f_bug	: no
coma_bug	: no
fpu		: yes
fpu_exception	: yes
cpuid level	: 13
wp		: yes
flags		: fpu vme de pse tsc msr pae mce cx8 apic sep mtrr pge mca cmov pat pse36 clflush dts acpi mmx fxsr sse sse2 ss ht tm pbe nx rdtscp lm constant_tsc arch_perfmon pebs bts xtopology nonstop_tsc aperfmperf eagerfpu pni pclmulqdq dtes64 monitor ds_cpl vmx est tm2 ssse3 cx16 xtpr pdcm pcid sse4_1 sse4_2 x2apic popcnt tsc_deadline_timer aes xsave avx lahf_lm ida arat epb xsaveopt pln pts dtherm tpr_shadow vnmi flexpriority ept vpid
bogomips	: 4988.96
clflush size	: 64
cache_alignment	: 64
address sizes	: 36 bits physical, 48 bits virtual
power management:

processor	: 1
vendor_id	: GenuineIntel
cpu family	: 6
model		: 42
model name	: Intel(R) Core(TM) i5-2450M CPU @ 2.50GHz
stepping	: 7
microcode	: 0x29
cpu MHz		: 2600.000
cache size	: 3072 KB
physical id	: 0
siblings	: 4
core id		: 0
cpu cores	: 2
apicid		: 1
initial apicid	: 1
fdiv_bug	: no
f00f_bug	: no
coma_bug	: no
fpu		: yes
fpu_exception	: yes
cpuid level	: 13
wp		: yes
flags		: fpu vme de pse tsc msr pae mce cx8 apic sep mtrr pge mca cmov pat pse36 clflush dts acpi mmx fxsr sse sse2 ss ht tm pbe nx rdtscp lm constant_tsc arch_perfmon pebs bts xtopology nonstop_tsc aperfmperf eagerfpu pni pclmulqdq dtes64 monitor ds_cpl vmx est tm2 ssse3 cx16 xtpr pdcm pcid sse4_1 sse4_2 x2apic popcnt tsc_deadline_timer aes xsave avx lahf_lm ida arat epb xsaveopt pln pts dtherm tpr_shadow vnmi flexpriority ept vpid
bogomips	: 4988.96
clflush size	: 64
cache_alignment	: 64
address sizes	: 36 bits physical, 48 bits virtual
power management:

processor	: 2
vendor_id	: GenuineIntel
cpu family	: 6
model		: 42
model name	: Intel(R) Core(TM) i5-2450M CPU @ 2.50GHz
stepping	: 7
microcode	: 0x29
cpu MHz		: 1925.000
cache size	: 3072 KB
physical id	: 0
siblings	: 4
core id		: 1
cpu cores	: 2
apicid		: 2
initial apicid	: 2
fdiv_bug	: no
f00f_bug	: no
coma_bug	: no
fpu		: yes
fpu_exception	: yes
cpuid level	: 13
wp		: yes
flags		: fpu vme de pse tsc msr pae mce cx8 apic sep mtrr pge mca cmov pat pse36 clflush dts acpi mmx fxsr sse sse2 ss ht tm pbe nx rdtscp lm constant_tsc arch_perfmon pebs bts xtopology nonstop_tsc aperfmperf eagerfpu pni pclmulqdq dtes64 monitor ds_cpl vmx est tm2 ssse3 cx16 xtpr pdcm pcid sse4_1 sse4_2 x2apic popcnt tsc_deadline_timer aes xsave avx lahf_lm ida arat epb xsaveopt pln pts dtherm tpr_shadow vnmi flexpriority ept vpid
bogomips	: 4988.96
clflush size	: 64
cache_alignment	: 64
address sizes	: 36 bits physical, 48 bits virtual
power management:

processor	: 3
vendor_id	: GenuineIntel
cpu family	: 6
model		: 42
model name	: Intel(R) Core(TM) i5-2450M CPU @ 2.50GHz
stepping	: 7
microcode	: 0x29
cpu MHz		: 2400.000
cache size	: 3072 KB
physical id	: 0
siblings	: 4
core id		: 1
cpu cores	: 2
apicid		: 3
initial apicid	: 3
fdiv_bug	: no
f00f_bug	: no
coma_bug	: no
fpu		: yes
fpu_exception	: yes
cpuid level	: 13
wp		: yes
flags		: fpu vme de pse tsc msr pae mce cx8 apic sep mtrr pge mca cmov pat pse36 clflush dts acpi mmx fxsr sse sse2 ss ht tm pbe nx rdtscp lm constant_tsc arch_perfmon pebs bts xtopology nonstop_tsc aperfmperf eagerfpu pni pclmulqdq dtes64 monitor ds_cpl vmx est tm2 ssse3 cx16 xtpr pdcm pcid sse4_1 sse4_2 x2apic popcnt tsc_deadline_timer aes xsave avx lahf_lm ida arat epb xsaveopt pln pts dtherm tpr_shadow vnmi flexpriority ept vpid
bogomips	: 4988.96
clflush size	: 64
cache_alignment	: 64
address sizes	: 36 bits physical, 48 bits virtual
power management:



Memory: 4k page, physical 4066912k(1002372k free), swap 2103292k(2103292k free)

vm_info: Java HotSpot(TM) Server VM (24.55-b03) for linux-x86 JRE (1.7.0_55-b13), built on Mar 17 2014 19:41:29 by "java_re" with gcc 4.3.0 20080428 (Red Hat 4.3.0-8)

time: Sat Jun  7 14:23:21 2014
elapsed time: 0 seconds

